Arguments: 
  C:\Program Files\nodejs\node.exe C:\Users\Eric Yang\AppData\Roaming\npm\node_modules\yarn\bin\yarn.js install

PATH: 
  C:\Users\Eric Yang\Desktop\dev\project-3\Project3\node_modules\.bin;C:\Users\Eric Yang\AppData\Local\Yarn\Data\link\node_modules\.bin;C:\Users\Eric Yang\Desktop\dev\project-3\Project3\node_modules\.bin;C:\Users\Eric Yang\AppData\Local\Yarn\Data\link\node_modules\.bin;C:\Users\Eric Yang\AppData\Local\Yarn\bin;C:\Program Files\libexec\lib\node_modules\npm\bin\node-gyp-bin;C:\Program Files\lib\node_modules\npm\bin\node-gyp-bin;C:\Program Files\nodejs\node_modules\npm\bin\node-gyp-bin;C:\Program Files\Git\mingw64\bin;C:\Program Files\Git\usr\bin;C:\Users\Eric Yang\bin;C:\Program Files (x86)\Common Files\Oracle\Java\javapath;C:\ProgramData\Oracle\Java\javapath;C:\Windows\system32;C:\Windows;C:\Windows\System32\Wbem;C:\Windows\System32\WindowsPowerShell\v1.0;C:\Program Files (x86)\NVIDIA Corporation\PhysX\Common;C:\WINDOWS\system32;C:\WINDOWS;C:\WINDOWS\System32\Wbem;C:\WINDOWS\System32\WindowsPowerShell\v1.0;C:\Users\Eric Yang\AppData\Local\Microsoft\WindowsApps;C:\adb;C:\WINDOWS\system32;C:\WINDOWS;C:\WINDOWS\System32\Wbem;C:\WINDOWS\System32\WindowsPowerShell\v1.0;C:\Program Files\Git\cmd;C:\Program Files\nodejs;C:\WINDOWS\System32\OpenSSH;C:\Program Files\Intel\WiFi\bin;C:\Program Files\Common Files\Intel\WirelessCommon;C:\Program Files\Microsoft VS Code\bin;C:\Program Files\dotnet;C:\Program Files\Microsoft SQL Server\130\Tools\Binn;C:\Program Files\MongoDB\Server\4.0\bin;C:\Users\Eric Yang\AppData\Local\Microsoft\WindowsApps;C:\Program Files\Microsoft VS Code\bin;C:\Program Files\Heroku\bin;C:\Users\Eric Yang\AppData\Roaming\npm;C:\Users\Eric Yang\AppData\Local\Programs\Microsoft VS Code\bin

Yarn version: 
  1.9.4

Node version: 
  8.10.0

Platform: 
  win32 x64

Trace: 
  Error: EBUSY: resource busy or locked, copyfile 'C:\Users\Eric Yang\AppData\Local\Yarn\Cache\v2\npm-registry-auth-token-3.3.2-851fd49038eecb586911115af845260eec983f20\README.md' -> 'C:\Users\Eric Yang\Desktop\dev\project-3\Project3\client\node_modules\registry-auth-token\README.md'

npm manifest: 
  {
    "name": "mern",
    "version": "0.1.0",
    "description": "Mern Demo",
    "private": true,
    "proxy": "http://localhost:3001/",
    "dependencies": {
      "axios": "^0.18.0",
      "react": "^16.0.0",
      "react-dom": "^16.0.0",
      "react-emotion": "^9.2.12",
      "react-router-dom": "^4.3.1",
      "react-scripts": "1.0.14"
    },
    "scripts": {
      "start": "react-scripts start",
      "build": "react-scripts build",
      "test": "react-scripts test --env=jsdom",
      "eject": "react-scripts eject"
    }
  }

yarn manifest: 
  No manifest

Lockfile: 
  No lockfile
